2024-12-05 14:45:15,176 - INFO - Найдено файлов для обработки: 2
2024-12-05 14:45:15,176 - INFO - Начало конвертации: ~$А.docx
2024-12-05 14:45:15,185 - ERROR - Ошибка при обработке файла ~$А.docx: File is not a zip file
Traceback (most recent call last):
  File "E:\!!!DOWNLOADS\dictionary-convert\convert\convert.py", line 175, in convert_single_file
    doc = Document(doc_path)
  File "C:\Users\admin\AppData\Local\Programs\Python\Python310\lib\site-packages\docx\api.py", line 25, in Document
    document_part = Package.open(docx).main_document_part
  File "C:\Users\admin\AppData\Local\Programs\Python\Python310\lib\site-packages\docx\opc\package.py", line 128, in open
    pkg_reader = PackageReader.from_file(pkg_file)
  File "C:\Users\admin\AppData\Local\Programs\Python\Python310\lib\site-packages\docx\opc\pkgreader.py", line 32, in from_file
    phys_reader = PhysPkgReader(pkg_file)
  File "C:\Users\admin\AppData\Local\Programs\Python\Python310\lib\site-packages\docx\opc\phys_pkg.py", line 101, in __init__
    self._zipf = ZipFile(pkg_file, 'r')
  File "C:\Users\admin\AppData\Local\Programs\Python\Python310\lib\zipfile.py", line 1258, in __init__
    self._RealGetContents()
  File "C:\Users\admin\AppData\Local\Programs\Python\Python310\lib\zipfile.py", line 1325, in _RealGetContents
    raise BadZipFile("File is not a zip file")
zipfile.BadZipFile: File is not a zip file
2024-12-05 14:45:15,198 - ERROR - Не удалось обработать файл ~$А.docx: File is not a zip file
2024-12-05 14:45:15,199 - INFO - Начало конвертации: А.docx
2024-12-05 14:45:20,333 - INFO - Файл А.docx успешно обработан. Параграфов: 1913
2024-12-05 14:45:20,333 - INFO - Обработка всех файлов завершена
2024-12-23 08:14:30,726 - INFO - Найдено файлов для обработки: 1
2024-12-23 08:14:30,726 - INFO - Начало конвертации: Л.docx
2024-12-23 08:14:30,945 - INFO - Файл Л.docx успешно обработан. Параграфов: 222
2024-12-23 08:14:30,945 - INFO - Обработка всех файлов завершена
2024-12-23 08:36:34,132 - INFO - Найдено файлов для обработки: 1
2024-12-23 08:36:34,132 - INFO - Начало конвертации: Ё.docx
2024-12-23 08:36:34,852 - INFO - Файл Ё.docx успешно обработан. Параграфов: 238
2024-12-23 08:36:34,852 - INFO - Обработка всех файлов завершена
2024-12-23 08:40:49,782 - INFO - Найдено файлов для обработки: 2
2024-12-23 08:40:49,783 - INFO - Начало конвертации: Ё.docx
2024-12-23 08:40:50,396 - INFO - Файл Ё.docx успешно обработан. Параграфов: 238
2024-12-23 08:40:50,396 - INFO - Начало конвертации: А.docx
2024-12-23 08:40:54,898 - ERROR - Ошибка при обработке файла А.docx: [Errno 13] Permission denied: 'output\\А.xlsx'
Traceback (most recent call last):
  File "C:\Users\admin\desktop\dictionary-convert\convert\convert.py", line 217, in convert_single_file
    wb.save(output_path)
  File "C:\Users\admin\AppData\Local\Programs\Python\Python310\lib\site-packages\openpyxl\workbook\workbook.py", line 386, in save
    save_workbook(self, filename)
  File "C:\Users\admin\AppData\Local\Programs\Python\Python310\lib\site-packages\openpyxl\writer\excel.py", line 291, in save_workbook
    archive = ZipFile(filename, 'w', ZIP_DEFLATED, allowZip64=True)
  File "C:\Users\admin\AppData\Local\Programs\Python\Python310\lib\zipfile.py", line 1240, in __init__
    self.fp = io.open(file, filemode)
PermissionError: [Errno 13] Permission denied: 'output\\А.xlsx'
2024-12-23 08:40:54,931 - ERROR - Не удалось обработать файл А.docx: [Errno 13] Permission denied: 'output\\А.xlsx'
2024-12-23 08:40:54,931 - INFO - Обработка всех файлов завершена
2024-12-23 08:42:04,301 - INFO - Найдено файлов для обработки: 2
2024-12-23 08:42:04,301 - INFO - Начало конвертации: Ё.docx
2024-12-23 08:42:04,908 - INFO - Файл Ё.docx успешно обработан. Параграфов: 238
2024-12-23 08:42:04,909 - INFO - Начало конвертации: А.docx
2024-12-23 08:42:09,509 - INFO - Файл А.docx успешно обработан. Параграфов: 1913
2024-12-23 08:42:09,510 - INFO - Обработка всех файлов завершена
2024-12-23 09:09:13,649 - INFO - Найдено файлов для обработки: 1
2024-12-23 09:09:13,649 - INFO - Начало конвертации: Р.docx
2024-12-23 09:09:13,708 - INFO - Файл Р.docx успешно обработан. Параграфов: 18
2024-12-23 09:09:13,708 - INFO - Обработка всех файлов завершена
2024-12-23 09:13:12,390 - INFO - Найдено файлов для обработки: 1
2024-12-23 09:13:12,390 - INFO - Начало конвертации: Р.docx
2024-12-23 09:13:12,446 - INFO - Файл Р.docx успешно обработан. Параграфов: 18
2024-12-23 09:13:12,446 - INFO - Обработка всех файлов завершена
2024-12-23 09:14:06,716 - INFO - Найдено файлов для обработки: 1
2024-12-23 09:14:06,716 - INFO - Начало конвертации: Ё.docx
2024-12-23 09:14:07,323 - INFO - Файл Ё.docx успешно обработан. Параграфов: 238
2024-12-23 09:14:07,323 - INFO - Обработка всех файлов завершена
2024-12-23 09:18:52,052 - INFO - Найдено файлов для обработки: 1
2024-12-23 09:18:52,052 - INFO - Начало конвертации: Ё.docx
2024-12-23 09:18:52,670 - INFO - Файл Ё.docx успешно обработан. Параграфов: 238
2024-12-23 09:18:52,670 - INFO - Обработка всех файлов завершена
2024-12-23 09:40:49,940 - INFO - Найдено файлов для обработки: 1
2024-12-23 09:40:49,940 - INFO - Начало конвертации: Р.docx
2024-12-23 09:40:49,999 - INFO - Файл Р.docx успешно обработан. Параграфов: 18
2024-12-23 09:40:49,999 - INFO - Обработка всех файлов завершена
2024-12-23 09:42:48,074 - INFO - Найдено файлов для обработки: 1
2024-12-23 09:42:48,074 - INFO - Начало конвертации: Е.docx
2024-12-23 09:42:48,440 - INFO - Файл Е.docx успешно обработан. Параграфов: 125
2024-12-23 09:42:48,440 - INFO - Обработка всех файлов завершена
2024-12-23 09:47:57,178 - INFO - Найдено файлов для обработки: 19
2024-12-23 09:47:57,178 - INFO - Начало конвертации: Ё.docx
2024-12-23 09:47:57,829 - INFO - Файл Ё.docx успешно обработан. Параграфов: 238
2024-12-23 09:47:57,829 - INFO - Начало конвертации: А.docx
2024-12-23 09:48:02,709 - INFO - Файл А.docx успешно обработан. Параграфов: 1913
2024-12-23 09:48:02,710 - INFO - Начало конвертации: Б.docx
2024-12-23 09:48:09,423 - INFO - Файл Б.docx успешно обработан. Параграфов: 2621
2024-12-23 09:48:09,423 - INFO - Начало конвертации: В.docx
2024-12-23 09:48:09,481 - INFO - Файл В.docx успешно обработан. Параграфов: 23
2024-12-23 09:48:09,482 - INFO - Начало конвертации: Г.docx
2024-12-23 09:48:14,718 - INFO - Файл Г.docx успешно обработан. Параграфов: 1872
2024-12-23 09:48:14,718 - INFO - Начало конвертации: Д.docx
2024-12-23 09:48:19,978 - INFO - Файл Д.docx успешно обработан. Параграфов: 1874
2024-12-23 09:48:19,978 - INFO - Начало конвертации: Е.docx
2024-12-23 09:48:20,351 - INFO - Файл Е.docx успешно обработан. Параграфов: 125
2024-12-23 09:48:20,351 - INFO - Начало конвертации: Ж.docx
2024-12-23 09:53:49,288 - INFO - Найдено файлов для обработки: 1
2024-12-23 09:53:49,288 - INFO - Начало конвертации: Е.docx
2024-12-23 09:53:49,646 - INFO - Файл Е.docx успешно обработан. Параграфов: 125
2024-12-23 09:53:49,646 - INFO - Обработка всех файлов завершена
2024-12-23 09:54:31,600 - INFO - Найдено файлов для обработки: 1
2024-12-23 09:54:31,600 - INFO - Начало конвертации: Е.docx
2024-12-23 09:54:31,966 - INFO - Файл Е.docx успешно обработан. Параграфов: 125
2024-12-23 09:54:31,966 - INFO - Обработка всех файлов завершена
2024-12-23 09:56:16,292 - INFO - Найдено файлов для обработки: 19
2024-12-23 09:56:16,292 - INFO - Начало конвертации: Ё.docx
2024-12-23 09:56:16,931 - INFO - Файл Ё.docx успешно обработан. Параграфов: 238
2024-12-23 09:56:16,932 - INFO - Начало конвертации: А.docx
2024-12-23 09:56:21,805 - INFO - Файл А.docx успешно обработан. Параграфов: 1913
2024-12-23 09:56:21,805 - INFO - Начало конвертации: Б.docx
2024-12-23 09:56:28,300 - INFO - Файл Б.docx успешно обработан. Параграфов: 2621
2024-12-23 09:56:28,302 - INFO - Начало конвертации: В.docx
2024-12-23 09:56:28,359 - INFO - Файл В.docx успешно обработан. Параграфов: 23
2024-12-23 09:56:28,359 - INFO - Начало конвертации: Г.docx
2024-12-23 09:56:33,620 - INFO - Файл Г.docx успешно обработан. Параграфов: 1872
2024-12-23 09:56:33,620 - INFO - Начало конвертации: Д.docx
2024-12-23 09:56:39,037 - INFO - Файл Д.docx успешно обработан. Параграфов: 1874
2024-12-23 09:56:39,038 - INFO - Начало конвертации: Е.docx
2024-12-23 09:56:39,399 - INFO - Файл Е.docx успешно обработан. Параграфов: 125
2024-12-23 09:56:39,399 - INFO - Начало конвертации: Ж.docx
2024-12-23 09:56:40,852 - INFO - Файл Ж.docx успешно обработан. Параграфов: 538
2024-12-23 09:56:40,852 - INFO - Начало конвертации: З.docx
2024-12-23 09:56:42,239 - INFO - Файл З.docx успешно обработан. Параграфов: 1567
2024-12-23 09:56:42,239 - INFO - Начало конвертации: И.docx
2024-12-23 09:56:42,424 - INFO - Файл И.docx успешно обработан. Параграфов: 218
2024-12-23 09:56:42,425 - INFO - Начало конвертации: Й.docx
2024-12-23 09:56:42,448 - INFO - Файл Й.docx успешно обработан. Параграфов: 3
2024-12-23 09:56:42,448 - INFO - Начало конвертации: К.docx
2024-12-23 09:56:42,503 - INFO - Файл К.docx успешно обработан. Параграфов: 44
2024-12-23 09:56:42,504 - INFO - Начало конвертации: Л.docx
2024-12-23 09:56:42,731 - INFO - Файл Л.docx успешно обработан. Параграфов: 222
2024-12-23 09:56:42,731 - INFO - Начало конвертации: М.docx
2024-12-23 09:56:44,162 - INFO - Файл М.docx успешно обработан. Параграфов: 1240
2024-12-23 09:56:44,163 - INFO - Начало конвертации: Н.docx
2024-12-23 09:56:49,275 - INFO - Файл Н.docx успешно обработан. Параграфов: 1805
2024-12-23 09:56:49,275 - INFO - Начало конвертации: О.docx
2024-12-23 09:56:51,268 - INFO - Файл О.docx успешно обработан. Параграфов: 958
2024-12-23 09:56:51,268 - INFO - Начало конвертации: П.docx
2024-12-23 09:56:51,976 - INFO - Файл П.docx успешно обработан. Параграфов: 415
2024-12-23 09:56:51,977 - INFO - Начало конвертации: Р.docx
2024-12-23 09:56:52,031 - INFO - Файл Р.docx успешно обработан. Параграфов: 18
2024-12-23 09:56:52,322 - INFO - Обработка всех файлов завершена
2024-12-23 10:06:45,015 - INFO - Найдено файлов для обработки: 1
2024-12-23 10:06:45,275 - INFO - Обработка всех файлов завершена
